<?xml version="1.0" encoding="UTF-8"?>
<testsuite xmlns:xsi="http://www.w3.org/2001/XMLSchema-instance" xsi:noNamespaceSchemaLocation="https://maven.apache.org/surefire/maven-surefire-plugin/xsd/surefire-test-report.xsd" version="3.0.2" name="villagecompute.storefront.api.rest.HealthResourceTest" time="7.13" tests="1" errors="0" skipped="0" failures="0">
  <properties>
[...]
</properties>
  <testcase name="testHealthEndpoint" classname="villagecompute.storefront.api.rest.HealthResourceTest" time="1.356">
    <system-out><![CDATA[2026-01-02 19:10:28,486 WARN  [io.qua.con.build] (main) The 'quarkus.health.extensions.enabled' config property is deprecated and should not be used anymore
2026-01-02 19:10:29,249 WARN  [io.qua.hib.orm.dep.HibernateOrmProcessor] (build-5) Hibernate ORM is disabled because no JPA entities were found
2026-01-02 19:10:30,755 WARN  [io.qua.config] (main) Unrecognized configuration key "quarkus.quinoa.just-build" was provided; it will be ignored; verify that the dependency extension for this configuration is set or that you did not make a typo
2026-01-02 19:10:30,755 WARN  [io.qua.config] (main) Unrecognized configuration key "quarkus.quinoa.enabled" was provided; it will be ignored; verify that the dependency extension for this configuration is set or that you did not make a typo
2026-01-02 19:10:31,384 INFO  [io.qua.sch.run.SimpleScheduler] (main) No scheduled business methods found - Simple scheduler will not be started
2026-01-02 19:10:31,560 INFO  [io.quarkus] (main) village-storefront 1.0-SNAPSHOT on JVM (powered by Quarkus 3.17.5) started in 3.637s. Listening on: http://localhost:8081
2026-01-02 19:10:31,560 INFO  [io.quarkus] (main) Profile test activated. 
2026-01-02 19:10:31,560 INFO  [io.quarkus] (main) Installed features: [agroal, cache, cdi, hibernate-orm, hibernate-orm-panache, hibernate-validator, jacoco, jdbc-h2, jdbc-postgresql, kubernetes, mailer, micrometer, narayana-jta, opentelemetry, qute, rest, rest-jackson, scheduler, security, smallrye-context-propagation, smallrye-health, smallrye-jwt, smallrye-openapi, swagger-ui, vertx]
]]></system-out>
    <system-err><![CDATA[Mockito is currently self-attaching to enable the inline-mock-maker. This will no longer work in future releases of the JDK. Please add Mockito as an agent to your build what is described in Mockito's documentation: https://javadoc.io/doc/org.mockito/mockito-core/latest/org/mockito/Mockito.html#0.3
WARNING: A Java agent has been loaded dynamically (/Users/tea/.m2/repository/net/bytebuddy/byte-buddy-agent/1.15.4/byte-buddy-agent-1.15.4.jar)
WARNING: If a serviceability tool is in use, please run with -XX:+EnableDynamicAgentLoading to hide this warning
WARNING: If a serviceability tool is not in use, please run with -Djdk.instrument.traceUsage for more information
WARNING: Dynamic loading of agents will be disallowed by default in a future release
]]></system-err>
  </testcase>
</testsuite>